# JRE version: OpenJDK Runtime Environment (11.0.11+9) (build 11.0.11+9-b60-7590822)
# Java VM: OpenJDK 64-Bit Server VM (11.0.11+9-b60-7590822, mixed mode, tiered, compressed oops, g1 gc, windows-amd64)
Heap:
 garbage-first heap   total 159744K, used 88810K [0x0000000080000000, 0x0000000100000000)
  region size 1024K, 16 young (16384K), 6 survivors (6144K)
 Metaspace       used 84865K, capacity 86826K, committed 87068K, reserved 1124352K
  class space    used 11023K, capacity 11793K, committed 11904K, reserved 1048576K
GC Heap History (20 events):
Event: 59.891 GC heap before
{Heap before GC invocations=57 (full 0):
 garbage-first heap   total 110592K, used 82154K [0x0000000080000000, 0x0000000100000000)
  region size 1024K, 25 young (25600K), 2 survivors (2048K)
 Metaspace       used 66303K, capacity 67789K, committed 67996K, reserved 1107968K
  class space    used 8387K, capacity 8952K, committed 8960K, reserved 1048576K
}
Event: 59.902 GC heap after
{Heap after GC invocations=58 (full 0):
 garbage-first heap   total 110592K, used 59203K [0x0000000080000000, 0x0000000100000000)
  region size 1024K, 3 young (3072K), 3 survivors (3072K)
 Metaspace       used 66303K, capacity 67789K, committed 67996K, reserved 1107968K
  class space    used 8387K, capacity 8952K, committed 8960K, reserved 1048576K
}
Event: 61.656 GC heap before
{Heap before GC invocations=58 (full 0):
 garbage-first heap   total 110592K, used 83779K [0x0000000080000000, 0x0000000100000000)
  region size 1024K, 27 young (27648K), 3 survivors (3072K)
 Metaspace       used 67129K, capacity 68630K, committed 68892K, reserved 1110016K
  class space    used 8491K, capacity 9056K, committed 9088K, reserved 1048576K
}
Event: 61.684 GC heap after
{Heap after GC invocations=59 (full 0):
 garbage-first heap   total 110592K, used 61343K [0x0000000080000000, 0x0000000100000000)
  region size 1024K, 4 young (4096K), 4 survivors (4096K)
 Metaspace       used 67129K, capacity 68630K, committed 68892K, reserved 1110016K
  class space    used 8491K, capacity 9056K, committed 9088K, reserved 1048576K
}
Event: 62.717 GC heap before
{Heap before GC invocations=60 (full 0):
 garbage-first heap   total 110592K, used 84895K [0x0000000080000000, 0x0000000100000000)
  region size 1024K, 27 young (27648K), 4 survivors (4096K)
 Metaspace       used 67230K, capacity 68792K, committed 69020K, reserved 1110016K
  class space    used 8500K, capacity 9090K, committed 9216K, reserved 1048576K
}
Event: 62.740 GC heap after
{Heap after GC invocations=61 (full 0):
 garbage-first heap   total 110592K, used 63607K [0x0000000080000000, 0x0000000100000000)
  region size 1024K, 3 young (3072K), 3 survivors (3072K)
 Metaspace       used 67230K, capacity 68792K, committed 69020K, reserved 1110016K
  class space    used 8500K, capacity 9090K, committed 9216K, reserved 1048576K
}
Event: 64.638 GC heap before
{Heap before GC invocations=61 (full 0):
 garbage-first heap   total 110592K, used 87159K [0x0000000080000000, 0x0000000100000000)
  region size 1024K, 26 young (26624K), 3 survivors (3072K)
 Metaspace       used 69665K, capacity 71243K, committed 71452K, reserved 1112064K
  class space    used 8861K, capacity 9482K, committed 9600K, reserved 1048576K
}
Event: 64.656 GC heap after
{Heap after GC invocations=62 (full 0):
 garbage-first heap   total 133120K, used 64733K [0x0000000080000000, 0x0000000100000000)
  region size 1024K, 2 young (2048K), 2 survivors (2048K)
 Metaspace       used 69665K, capacity 71243K, committed 71452K, reserved 1112064K
  class space    used 8861K, capacity 9482K, committed 9600K, reserved 1048576K
}
Event: 68.185 GC heap before
{Heap before GC invocations=63 (full 0):
 garbage-first heap   total 133120K, used 99549K [0x0000000080000000, 0x0000000100000000)
  region size 1024K, 36 young (36864K), 2 survivors (2048K)
 Metaspace       used 73375K, capacity 74941K, committed 75036K, reserved 1114112K
  class space    used 9464K, capacity 10069K, committed 10112K, reserved 1048576K
}
Event: 68.203 GC heap after
{Heap after GC invocations=64 (full 0):
 garbage-first heap   total 133120K, used 66917K [0x0000000080000000, 0x0000000100000000)
  region size 1024K, 4 young (4096K), 4 survivors (4096K)
 Metaspace       used 73375K, capacity 74941K, committed 75036K, reserved 1114112K
  class space    used 9464K, capacity 10069K, committed 10112K, reserved 1048576K
}
Event: 71.190 GC heap before
{Heap before GC invocations=64 (full 0):
 garbage-first heap   total 133120K, used 102757K [0x0000000080000000, 0x0000000100000000)
  region size 1024K, 39 young (39936K), 4 survivors (4096K)
 Metaspace       used 76646K, capacity 78204K, committed 78364K, reserved 1118208K
  class space    used 9957K, capacity 10571K, committed 10624K, reserved 1048576K
}
Event: 71.223 GC heap after
{Heap after GC invocations=65 (full 0):
 garbage-first heap   total 133120K, used 68680K [0x0000000080000000, 0x0000000100000000)
  region size 1024K, 4 young (4096K), 4 survivors (4096K)
 Metaspace       used 76646K, capacity 78204K, committed 78364K, reserved 1118208K
  class space    used 9957K, capacity 10571K, committed 10624K, reserved 1048576K
}
Event: 75.548 GC heap before
{Heap before GC invocations=66 (full 0):
 garbage-first heap   total 133120K, used 104520K [0x0000000080000000, 0x0000000100000000)
  region size 1024K, 39 young (39936K), 4 survivors (4096K)
 Metaspace       used 80577K, capacity 82318K, committed 82460K, reserved 1120256K
  class space    used 10472K, capacity 11134K, committed 11136K, reserved 1048576K
}
Event: 75.575 GC heap after
{Heap after GC invocations=67 (full 0):
 garbage-first heap   total 133120K, used 71113K [0x0000000080000000, 0x0000000100000000)
  region size 1024K, 5 young (5120K), 5 survivors (5120K)
 Metaspace       used 80577K, capacity 82318K, committed 82460K, reserved 1120256K
  class space    used 10472K, capacity 11134K, committed 11136K, reserved 1048576K
}
Event: 81.231 GC heap before
{Heap before GC invocations=67 (full 0):
 garbage-first heap   total 133120K, used 106953K [0x0000000080000000, 0x0000000100000000)
  region size 1024K, 40 young (40960K), 5 survivors (5120K)
 Metaspace       used 83223K, capacity 85125K, committed 85276K, reserved 1122304K
  class space    used 10843K, capacity 11572K, committed 11648K, reserved 1048576K
}
Event: 81.273 GC heap after
{Heap after GC invocations=68 (full 0):
 garbage-first heap   total 133120K, used 73819K [0x0000000080000000, 0x0000000100000000)
  region size 1024K, 5 young (5120K), 5 survivors (5120K)
 Metaspace       used 83223K, capacity 85125K, committed 85276K, reserved 1122304K
  class space    used 10843K, capacity 11572K, committed 11648K, reserved 1048576K
}
Event: 85.074 GC heap before
{Heap before GC invocations=69 (full 0):
 garbage-first heap   total 133120K, used 107611K [0x0000000080000000, 0x0000000100000000)
  region size 1024K, 39 young (39936K), 5 survivors (5120K)
 Metaspace       used 84029K, capacity 85988K, committed 86172K, reserved 1124352K
  class space    used 10964K, capacity 11732K, committed 11776K, reserved 1048576K
}
Event: 85.109 GC heap after
{Heap after GC invocations=70 (full 0):
 garbage-first heap   total 159744K, used 76437K [0x0000000080000000, 0x0000000100000000)
  region size 1024K, 3 young (3072K), 3 survivors (3072K)
 Metaspace       used 84029K, capacity 85988K, committed 86172K, reserved 1124352K
  class space    used 10964K, capacity 11732K, committed 11776K, reserved 1048576K
}
Event: 93.343 GC heap before
{Heap before GC invocations=70 (full 0):
 garbage-first heap   total 159744K, used 118421K [0x0000000080000000, 0x0000000100000000)
  region size 1024K, 45 young (46080K), 3 survivors (3072K)
 Metaspace       used 84786K, capacity 86803K, committed 87068K, reserved 1124352K
  class space    used 11014K, capacity 11792K, committed 11904K, reserved 1048576K
}
Event: 93.369 GC heap after
{Heap after GC invocations=71 (full 0):
 garbage-first heap   total 159744K, used 79594K [0x0000000080000000, 0x0000000100000000)
  region size 1024K, 6 young (6144K), 6 survivors (6144K)
 Metaspace       used 84786K, capacity 86803K, committed 87068K, reserved 1124352K
  class space    used 11014K, capacity 11792K, committed 11904K, reserved 1048576K
}

