# JRE version: OpenJDK Runtime Environment (11.0.11+9) (build 11.0.11+9-b60-7590822)
# Java VM: OpenJDK 64-Bit Server VM (11.0.11+9-b60-7590822, mixed mode, tiered, compressed oops, g1 gc, windows-amd64)
Heap:
 garbage-first heap   total 231424K, used 107847K [0x0000000080000000, 0x0000000100000000)
  region size 1024K, 7 young (7168K), 1 survivors (1024K)
 Metaspace       used 107331K, capacity 109715K, committed 109948K, reserved 1144832K
  class space    used 13402K, capacity 14264K, committed 14336K, reserved 1048576K
GC Heap History (20 events):
Event: 113.703 GC heap before
{Heap before GC invocations=99 (full 0):
 garbage-first heap   total 192512K, used 165688K [0x0000000080000000, 0x0000000100000000)
  region size 1024K, 30 young (30720K), 3 survivors (3072K)
 Metaspace       used 91888K, capacity 94006K, committed 94076K, reserved 1130496K
  class space    used 11706K, capacity 12513K, committed 12544K, reserved 1048576K
}
Event: 113.729 GC heap after
{Heap after GC invocations=100 (full 0):
 garbage-first heap   total 192512K, used 127154K [0x0000000080000000, 0x0000000100000000)
  region size 1024K, 4 young (4096K), 4 survivors (4096K)
 Metaspace       used 91888K, capacity 94006K, committed 94076K, reserved 1130496K
  class space    used 11706K, capacity 12513K, committed 12544K, reserved 1048576K
}
Event: 115.443 GC heap before
{Heap before GC invocations=100 (full 0):
 garbage-first heap   total 192512K, used 152754K [0x0000000080000000, 0x0000000100000000)
  region size 1024K, 30 young (30720K), 4 survivors (4096K)
 Metaspace       used 94362K, capacity 96438K, committed 96636K, reserved 1132544K
  class space    used 11889K, capacity 12705K, committed 12800K, reserved 1048576K
}
Event: 115.490 GC heap after
{Heap after GC invocations=101 (full 0):
 garbage-first heap   total 192512K, used 130032K [0x0000000080000000, 0x0000000100000000)
  region size 1024K, 3 young (3072K), 3 survivors (3072K)
 Metaspace       used 94362K, capacity 96438K, committed 96636K, reserved 1132544K
  class space    used 11889K, capacity 12705K, committed 12800K, reserved 1048576K
}
Event: 116.568 GC heap before
{Heap before GC invocations=102 (full 0):
 garbage-first heap   total 192512K, used 136176K [0x0000000080000000, 0x0000000100000000)
  region size 1024K, 29 young (29696K), 3 survivors (3072K)
 Metaspace       used 94633K, capacity 96694K, committed 96892K, reserved 1134592K
  class space    used 11905K, capacity 12705K, committed 12800K, reserved 1048576K
}
Event: 116.593 GC heap after
{Heap after GC invocations=103 (full 0):
 garbage-first heap   total 192512K, used 114398K [0x0000000080000000, 0x0000000100000000)
  region size 1024K, 4 young (4096K), 4 survivors (4096K)
 Metaspace       used 94633K, capacity 96694K, committed 96892K, reserved 1134592K
  class space    used 11905K, capacity 12705K, committed 12800K, reserved 1048576K
}
Event: 116.704 GC heap before
{Heap before GC invocations=103 (full 0):
 garbage-first heap   total 192512K, used 118494K [0x0000000080000000, 0x0000000100000000)
  region size 1024K, 9 young (9216K), 4 survivors (4096K)
 Metaspace       used 94739K, capacity 96790K, committed 96892K, reserved 1134592K
  class space    used 11914K, capacity 12737K, committed 12800K, reserved 1048576K
}
Event: 116.732 GC heap after
{Heap after GC invocations=104 (full 0):
 garbage-first heap   total 231424K, used 98680K [0x0000000080000000, 0x0000000100000000)
  region size 1024K, 2 young (2048K), 2 survivors (2048K)
 Metaspace       used 94739K, capacity 96790K, committed 96892K, reserved 1134592K
  class space    used 11914K, capacity 12737K, committed 12800K, reserved 1048576K
}
Event: 126.864 GC heap before
{Heap before GC invocations=104 (full 0):
 garbage-first heap   total 231424K, used 149880K [0x0000000080000000, 0x0000000100000000)
  region size 1024K, 53 young (54272K), 2 survivors (2048K)
 Metaspace       used 96329K, capacity 98449K, committed 98556K, reserved 1134592K
  class space    used 12067K, capacity 12889K, committed 12928K, reserved 1048576K
}
Event: 126.891 GC heap after
{Heap after GC invocations=105 (full 0):
 garbage-first heap   total 231424K, used 100937K [0x0000000080000000, 0x0000000100000000)
  region size 1024K, 4 young (4096K), 4 survivors (4096K)
 Metaspace       used 96329K, capacity 98449K, committed 98556K, reserved 1134592K
  class space    used 12067K, capacity 12889K, committed 12928K, reserved 1048576K
}
Event: 134.602 GC heap before
{Heap before GC invocations=105 (full 0):
 garbage-first heap   total 231424K, used 156233K [0x0000000080000000, 0x0000000100000000)
  region size 1024K, 59 young (60416K), 4 survivors (4096K)
 Metaspace       used 98019K, capacity 100166K, committed 100220K, reserved 1136640K
  class space    used 12241K, capacity 13048K, committed 13056K, reserved 1048576K
}
Event: 134.638 GC heap after
{Heap after GC invocations=106 (full 0):
 garbage-first heap   total 231424K, used 105751K [0x0000000080000000, 0x0000000100000000)
  region size 1024K, 8 young (8192K), 8 survivors (8192K)
 Metaspace       used 98019K, capacity 100166K, committed 100220K, reserved 1136640K
  class space    used 12241K, capacity 13048K, committed 13056K, reserved 1048576K
}
Event: 137.371 GC heap before
{Heap before GC invocations=106 (full 0):
 garbage-first heap   total 231424K, used 162071K [0x0000000080000000, 0x0000000100000000)
  region size 1024K, 64 young (65536K), 8 survivors (8192K)
 Metaspace       used 100860K, capacity 102996K, committed 103164K, reserved 1138688K
  class space    used 12620K, capacity 13433K, committed 13440K, reserved 1048576K
}
Event: 137.414 GC heap after
{Heap after GC invocations=107 (full 0):
 garbage-first heap   total 231424K, used 108141K [0x0000000080000000, 0x0000000100000000)
  region size 1024K, 3 young (3072K), 3 survivors (3072K)
 Metaspace       used 100860K, capacity 102996K, committed 103164K, reserved 1138688K
  class space    used 12620K, capacity 13433K, committed 13440K, reserved 1048576K
}
Event: 158.262 GC heap before
{Heap before GC invocations=107 (full 0):
 garbage-first heap   total 231424K, used 166509K [0x0000000080000000, 0x0000000100000000)
  region size 1024K, 61 young (62464K), 3 survivors (3072K)
 Metaspace       used 102019K, capacity 104183K, committed 104316K, reserved 1140736K
  class space    used 12716K, capacity 13551K, committed 13568K, reserved 1048576K
}
Event: 158.286 GC heap after
{Heap after GC invocations=108 (full 0):
 garbage-first heap   total 231424K, used 111330K [0x0000000080000000, 0x0000000100000000)
  region size 1024K, 6 young (6144K), 6 survivors (6144K)
 Metaspace       used 102019K, capacity 104183K, committed 104316K, reserved 1140736K
  class space    used 12716K, capacity 13551K, committed 13568K, reserved 1048576K
}
Event: 172.498 GC heap before
{Heap before GC invocations=109 (full 0):
 garbage-first heap   total 231424K, used 173794K [0x0000000080000000, 0x0000000100000000)
  region size 1024K, 71 young (72704K), 6 survivors (6144K)
 Metaspace       used 106826K, capacity 109168K, committed 109308K, reserved 1144832K
  class space    used 13351K, capacity 14200K, committed 14208K, reserved 1048576K
}
Event: 172.543 GC heap after
{Heap after GC invocations=110 (full 0):
 garbage-first heap   total 231424K, used 112597K [0x0000000080000000, 0x0000000100000000)
  region size 1024K, 8 young (8192K), 8 survivors (8192K)
 Metaspace       used 106826K, capacity 109168K, committed 109308K, reserved 1144832K
  class space    used 13351K, capacity 14200K, committed 14208K, reserved 1048576K
}
Event: 183.407 GC heap before
{Heap before GC invocations=110 (full 0):
 garbage-first heap   total 231424K, used 115669K [0x0000000080000000, 0x0000000100000000)
  region size 1024K, 11 young (11264K), 8 survivors (8192K)
 Metaspace       used 107158K, capacity 109545K, committed 109692K, reserved 1144832K
  class space    used 13398K, capacity 14258K, committed 14336K, reserved 1048576K
}
Event: 183.443 GC heap after
{Heap after GC invocations=111 (full 0):
 garbage-first heap   total 231424K, used 103751K [0x0000000080000000, 0x0000000100000000)
  region size 1024K, 1 young (1024K), 1 survivors (1024K)
 Metaspace       used 107158K, capacity 109545K, committed 109692K, reserved 1144832K
  class space    used 13398K, capacity 14258K, committed 14336K, reserved 1048576K
}

