# JRE version: OpenJDK Runtime Environment (11.0.11+9) (build 11.0.11+9-b60-7590822)
# Java VM: OpenJDK 64-Bit Server VM (11.0.11+9-b60-7590822, mixed mode, tiered, compressed oops, g1 gc, windows-amd64)
Heap:
 garbage-first heap   total 321536K, used 192512K [0x0000000080000000, 0x0000000100000000)
  region size 1024K, 2 young (2048K), 2 survivors (2048K)
 Metaspace       used 146628K, capacity 150146K, committed 150192K, reserved 1179648K
  class space    used 18123K, capacity 19446K, committed 19456K, reserved 1048576K
GC Heap History (20 events):
Event: 13648.601 GC heap after
{Heap after GC invocations=172 (full 0):
 garbage-first heap   total 258048K, used 138865K [0x0000000080000000, 0x0000000100000000)
  region size 1024K, 5 young (5120K), 5 survivors (5120K)
 Metaspace       used 131169K, capacity 134100K, committed 134192K, reserved 1167360K
  class space    used 16136K, capacity 17243K, committed 17280K, reserved 1048576K
}
Event: 13656.880 GC heap before
{Heap before GC invocations=172 (full 0):
 garbage-first heap   total 258048K, used 183921K [0x0000000080000000, 0x0000000100000000)
  region size 1024K, 50 young (51200K), 5 survivors (5120K)
 Metaspace       used 132549K, capacity 135571K, committed 135600K, reserved 1167360K
  class space    used 16285K, capacity 17383K, committed 17408K, reserved 1048576K
}
Event: 13656.921 GC heap after
{Heap after GC invocations=173 (full 0):
 garbage-first heap   total 258048K, used 143098K [0x0000000080000000, 0x0000000100000000)
  region size 1024K, 7 young (7168K), 7 survivors (7168K)
 Metaspace       used 132549K, capacity 135571K, committed 135600K, reserved 1167360K
  class space    used 16285K, capacity 17383K, committed 17408K, reserved 1048576K
}
Event: 13661.622 GC heap before
{Heap before GC invocations=174 (full 0):
 garbage-first heap   total 258048K, used 189178K [0x0000000080000000, 0x0000000100000000)
  region size 1024K, 53 young (54272K), 7 survivors (7168K)
 Metaspace       used 134216K, capacity 137188K, committed 137392K, reserved 1169408K
  class space    used 16462K, capacity 17544K, committed 17664K, reserved 1048576K
}
Event: 13661.655 GC heap after
{Heap after GC invocations=175 (full 0):
 garbage-first heap   total 258048K, used 144780K [0x0000000080000000, 0x0000000100000000)
  region size 1024K, 5 young (5120K), 5 survivors (5120K)
 Metaspace       used 134216K, capacity 137188K, committed 137392K, reserved 1169408K
  class space    used 16462K, capacity 17544K, committed 17664K, reserved 1048576K
}
Event: 13663.330 GC heap before
{Heap before GC invocations=175 (full 0):
 garbage-first heap   total 258048K, used 151948K [0x0000000080000000, 0x0000000100000000)
  region size 1024K, 13 young (13312K), 5 survivors (5120K)
 Metaspace       used 134431K, capacity 137521K, committed 137648K, reserved 1169408K
  class space    used 16480K, capacity 17583K, committed 17664K, reserved 1048576K
}
Event: 13663.351 GC heap after
{Heap after GC invocations=176 (full 0):
 garbage-first heap   total 258048K, used 139542K [0x0000000080000000, 0x0000000100000000)
  region size 1024K, 1 young (1024K), 1 survivors (1024K)
 Metaspace       used 134431K, capacity 137521K, committed 137648K, reserved 1169408K
  class space    used 16480K, capacity 17583K, committed 17664K, reserved 1048576K
}
Event: 13669.219 GC heap before
{Heap before GC invocations=176 (full 0):
 garbage-first heap   total 258048K, used 189718K [0x0000000080000000, 0x0000000100000000)
  region size 1024K, 51 young (52224K), 1 survivors (1024K)
 Metaspace       used 136628K, capacity 139764K, committed 140080K, reserved 1171456K
  class space    used 16799K, capacity 17952K, committed 18048K, reserved 1048576K
}
Event: 13669.241 GC heap after
{Heap after GC invocations=177 (full 0):
 garbage-first heap   total 258048K, used 142496K [0x0000000080000000, 0x0000000100000000)
  region size 1024K, 4 young (4096K), 4 survivors (4096K)
 Metaspace       used 136628K, capacity 139764K, committed 140080K, reserved 1171456K
  class space    used 16799K, capacity 17952K, committed 18048K, reserved 1048576K
}
Event: 13673.495 GC heap before
{Heap before GC invocations=178 (full 0):
 garbage-first heap   total 258048K, used 194720K [0x0000000080000000, 0x0000000100000000)
  region size 1024K, 56 young (57344K), 4 survivors (4096K)
 Metaspace       used 143665K, capacity 147240K, committed 147504K, reserved 1177600K
  class space    used 17904K, capacity 19229K, committed 19328K, reserved 1048576K
}
Event: 13673.524 GC heap after
{Heap after GC invocations=179 (full 0):
 garbage-first heap   total 258048K, used 144925K [0x0000000080000000, 0x0000000100000000)
  region size 1024K, 6 young (6144K), 6 survivors (6144K)
 Metaspace       used 143665K, capacity 147240K, committed 147504K, reserved 1177600K
  class space    used 17904K, capacity 19229K, committed 19328K, reserved 1048576K
}
Event: 13673.876 GC heap before
{Heap before GC invocations=179 (full 0):
 garbage-first heap   total 258048K, used 151069K [0x0000000080000000, 0x0000000100000000)
  region size 1024K, 12 young (12288K), 6 survivors (6144K)
 Metaspace       used 143802K, capacity 147379K, committed 147504K, reserved 1177600K
  class space    used 17908K, capacity 19232K, committed 19328K, reserved 1048576K
}
Event: 13673.908 GC heap after
{Heap after GC invocations=180 (full 0):
 garbage-first heap   total 258048K, used 143694K [0x0000000080000000, 0x0000000100000000)
  region size 1024K, 1 young (1024K), 1 survivors (1024K)
 Metaspace       used 143802K, capacity 147379K, committed 147504K, reserved 1177600K
  class space    used 17908K, capacity 19232K, committed 19328K, reserved 1048576K
}
Event: 13676.607 GC heap before
{Heap before GC invocations=180 (full 0):
 garbage-first heap   total 258048K, used 198990K [0x0000000080000000, 0x0000000100000000)
  region size 1024K, 55 young (56320K), 1 survivors (1024K)
 Metaspace       used 144744K, capacity 148307K, committed 148528K, reserved 1179648K
  class space    used 17943K, capacity 19275K, committed 19328K, reserved 1048576K
}
Event: 13676.618 GC heap after
{Heap after GC invocations=181 (full 0):
 garbage-first heap   total 258048K, used 143153K [0x0000000080000000, 0x0000000100000000)
  region size 1024K, 1 young (1024K), 1 survivors (1024K)
 Metaspace       used 144744K, capacity 148307K, committed 148528K, reserved 1179648K
  class space    used 17943K, capacity 19275K, committed 19328K, reserved 1048576K
}
Event: 13679.937 GC heap before
{Heap before GC invocations=182 (full 0):
 garbage-first heap   total 258048K, used 189233K [0x0000000080000000, 0x0000000100000000)
  region size 1024K, 48 young (49152K), 1 survivors (1024K)
 Metaspace       used 145642K, capacity 149144K, committed 149296K, reserved 1179648K
  class space    used 17994K, capacity 19305K, committed 19328K, reserved 1048576K
}
Event: 13679.946 GC heap after
{Heap after GC invocations=183 (full 0):
 garbage-first heap   total 258048K, used 143408K [0x0000000080000000, 0x0000000100000000)
  region size 1024K, 1 young (1024K), 1 survivors (1024K)
 Metaspace       used 145642K, capacity 149144K, committed 149296K, reserved 1179648K
  class space    used 17994K, capacity 19305K, committed 19328K, reserved 1048576K
}
Event: 13682.835 GC heap before
{Heap before GC invocations=184 (full 0):
 garbage-first heap   total 258048K, used 235568K [0x0000000080000000, 0x0000000100000000)
  region size 1024K, 67 young (68608K), 1 survivors (1024K)
 Metaspace       used 146626K, capacity 150146K, committed 150192K, reserved 1179648K
  class space    used 18123K, capacity 19446K, committed 19456K, reserved 1048576K
}
Event: 13682.967 GC heap after
{Heap after GC invocations=185 (full 0):
 garbage-first heap   total 267264K, used 190449K [0x0000000080000000, 0x0000000100000000)
  region size 1024K, 9 young (9216K), 9 survivors (9216K)
 Metaspace       used 146626K, capacity 150146K, committed 150192K, reserved 1179648K
  class space    used 18123K, capacity 19446K, committed 19456K, reserved 1048576K
}
Event: 13683.042 GC heap before
{Heap before GC invocations=185 (full 0):
 garbage-first heap   total 267264K, used 193521K [0x0000000080000000, 0x0000000100000000)
  region size 1024K, 13 young (13312K), 9 survivors (9216K)
 Metaspace       used 146628K, capacity 150146K, committed 150192K, reserved 1179648K
  class space    used 18123K, capacity 19446K, committed 19456K, reserved 1048576K
}

