# JRE version: OpenJDK Runtime Environment (11.0.11+9) (build 11.0.11+9-b60-7590822)
# Java VM: OpenJDK 64-Bit Server VM (11.0.11+9-b60-7590822, mixed mode, tiered, compressed oops, g1 gc, windows-amd64)
Heap:
 garbage-first heap   total 110592K, used 73220K [0x0000000080000000, 0x0000000100000000)
  region size 1024K, 11 young (11264K), 3 survivors (3072K)
 Metaspace       used 72803K, capacity 74360K, committed 74544K, reserved 1114112K
  class space    used 9383K, capacity 9987K, committed 10112K, reserved 1048576K
GC Heap History (20 events):
Event: 48.020 GC heap before
{Heap before GC invocations=50 (full 0):
 garbage-first heap   total 76800K, used 65356K [0x0000000080000000, 0x0000000100000000)
  region size 1024K, 9 young (9216K), 1 survivors (1024K)
 Metaspace       used 63810K, capacity 65174K, committed 65456K, reserved 1105920K
  class space    used 8067K, capacity 8599K, committed 8704K, reserved 1048576K
}
Event: 48.026 GC heap after
{Heap after GC invocations=51 (full 0):
 garbage-first heap   total 76800K, used 57661K [0x0000000080000000, 0x0000000100000000)
  region size 1024K, 2 young (2048K), 2 survivors (2048K)
 Metaspace       used 63810K, capacity 65174K, committed 65456K, reserved 1105920K
  class space    used 8067K, capacity 8599K, committed 8704K, reserved 1048576K
}
Event: 48.036 GC heap before
{Heap before GC invocations=51 (full 0):
 garbage-first heap   total 76800K, used 57661K [0x0000000080000000, 0x0000000100000000)
  region size 1024K, 3 young (3072K), 2 survivors (2048K)
 Metaspace       used 63813K, capacity 65174K, committed 65456K, reserved 1105920K
  class space    used 8067K, capacity 8599K, committed 8704K, reserved 1048576K
}
Event: 48.043 GC heap after
{Heap after GC invocations=52 (full 0):
 garbage-first heap   total 76800K, used 57921K [0x0000000080000000, 0x0000000100000000)
  region size 1024K, 2 young (2048K), 2 survivors (2048K)
 Metaspace       used 63813K, capacity 65174K, committed 65456K, reserved 1105920K
  class space    used 8067K, capacity 8599K, committed 8704K, reserved 1048576K
}
Event: 48.417 GC heap before
{Heap before GC invocations=53 (full 0):
 garbage-first heap   total 76800K, used 65089K [0x0000000080000000, 0x0000000100000000)
  region size 1024K, 8 young (8192K), 2 survivors (2048K)
 Metaspace       used 64286K, capacity 65710K, committed 65968K, reserved 1105920K
  class space    used 8121K, capacity 8667K, committed 8704K, reserved 1048576K
}
Event: 48.426 GC heap after
{Heap after GC invocations=54 (full 0):
 garbage-first heap   total 92160K, used 58848K [0x0000000080000000, 0x0000000100000000)
  region size 1024K, 1 young (1024K), 1 survivors (1024K)
 Metaspace       used 64286K, capacity 65710K, committed 65968K, reserved 1105920K
  class space    used 8121K, capacity 8667K, committed 8704K, reserved 1048576K
}
Event: 50.645 GC heap before
{Heap before GC invocations=54 (full 0):
 garbage-first heap   total 92160K, used 72160K [0x0000000080000000, 0x0000000100000000)
  region size 1024K, 14 young (14336K), 1 survivors (1024K)
 Metaspace       used 65753K, capacity 67204K, committed 67504K, reserved 1107968K
  class space    used 8320K, capacity 8887K, committed 8960K, reserved 1048576K
}
Event: 50.652 GC heap after
{Heap after GC invocations=55 (full 0):
 garbage-first heap   total 92160K, used 58845K [0x0000000080000000, 0x0000000100000000)
  region size 1024K, 1 young (1024K), 1 survivors (1024K)
 Metaspace       used 65753K, capacity 67204K, committed 67504K, reserved 1107968K
  class space    used 8320K, capacity 8887K, committed 8960K, reserved 1048576K
}
Event: 51.945 GC heap before
{Heap before GC invocations=56 (full 0):
 garbage-first heap   total 92160K, used 73181K [0x0000000080000000, 0x0000000100000000)
  region size 1024K, 15 young (15360K), 1 survivors (1024K)
 Metaspace       used 66712K, capacity 68184K, committed 68400K, reserved 1107968K
  class space    used 8429K, capacity 9018K, committed 9088K, reserved 1048576K
}
Event: 51.955 GC heap after
{Heap after GC invocations=57 (full 0):
 garbage-first heap   total 92160K, used 59612K [0x0000000080000000, 0x0000000100000000)
  region size 1024K, 2 young (2048K), 2 survivors (2048K)
 Metaspace       used 66712K, capacity 68184K, committed 68400K, reserved 1107968K
  class space    used 8429K, capacity 9018K, committed 9088K, reserved 1048576K
}
Event: 53.921 GC heap before
{Heap before GC invocations=57 (full 0):
 garbage-first heap   total 92160K, used 73948K [0x0000000080000000, 0x0000000100000000)
  region size 1024K, 16 young (16384K), 2 survivors (2048K)
 Metaspace       used 67078K, capacity 68497K, committed 68656K, reserved 1110016K
  class space    used 8486K, capacity 9056K, committed 9088K, reserved 1048576K
}
Event: 53.936 GC heap after
{Heap after GC invocations=58 (full 0):
 garbage-first heap   total 92160K, used 60979K [0x0000000080000000, 0x0000000100000000)
  region size 1024K, 2 young (2048K), 2 survivors (2048K)
 Metaspace       used 67078K, capacity 68497K, committed 68656K, reserved 1110016K
  class space    used 8486K, capacity 9056K, committed 9088K, reserved 1048576K
}
Event: 54.638 GC heap before
{Heap before GC invocations=59 (full 0):
 garbage-first heap   total 92160K, used 74291K [0x0000000080000000, 0x0000000100000000)
  region size 1024K, 15 young (15360K), 2 survivors (2048K)
 Metaspace       used 67109K, capacity 68595K, committed 68784K, reserved 1110016K
  class space    used 8491K, capacity 9090K, committed 9216K, reserved 1048576K
}
Event: 54.652 GC heap after
{Heap after GC invocations=60 (full 0):
 garbage-first heap   total 92160K, used 62111K [0x0000000080000000, 0x0000000100000000)
  region size 1024K, 2 young (2048K), 2 survivors (2048K)
 Metaspace       used 67109K, capacity 68595K, committed 68784K, reserved 1110016K
  class space    used 8491K, capacity 9090K, committed 9216K, reserved 1048576K
}
Event: 55.470 GC heap before
{Heap before GC invocations=60 (full 0):
 garbage-first heap   total 92160K, used 75423K [0x0000000080000000, 0x0000000100000000)
  region size 1024K, 15 young (15360K), 2 survivors (2048K)
 Metaspace       used 67309K, capacity 68851K, committed 69040K, reserved 1110016K
  class space    used 8500K, capacity 9090K, committed 9216K, reserved 1048576K
}
Event: 55.480 GC heap after
{Heap after GC invocations=61 (full 0):
 garbage-first heap   total 110592K, used 63376K [0x0000000080000000, 0x0000000100000000)
  region size 1024K, 2 young (2048K), 2 survivors (2048K)
 Metaspace       used 67309K, capacity 68851K, committed 69040K, reserved 1110016K
  class space    used 8500K, capacity 9090K, committed 9216K, reserved 1048576K
}
Event: 58.370 GC heap before
{Heap before GC invocations=62 (full 0):
 garbage-first heap   total 110592K, used 83856K [0x0000000080000000, 0x0000000100000000)
  region size 1024K, 22 young (22528K), 2 survivors (2048K)
 Metaspace       used 69636K, capacity 71174K, committed 71472K, reserved 1112064K
  class space    used 8855K, capacity 9482K, committed 9600K, reserved 1048576K
}
Event: 58.383 GC heap after
{Heap after GC invocations=63 (full 0):
 garbage-first heap   total 110592K, used 64722K [0x0000000080000000, 0x0000000100000000)
  region size 1024K, 3 young (3072K), 3 survivors (3072K)
 Metaspace       used 69636K, capacity 71174K, committed 71472K, reserved 1112064K
  class space    used 8855K, capacity 9482K, committed 9600K, reserved 1048576K
}
Event: 60.770 GC heap before
{Heap before GC invocations=63 (full 0):
 garbage-first heap   total 110592K, used 85202K [0x0000000080000000, 0x0000000100000000)
  region size 1024K, 23 young (23552K), 3 survivors (3072K)
 Metaspace       used 72195K, capacity 73710K, committed 73904K, reserved 1114112K
  class space    used 9305K, capacity 9921K, committed 9984K, reserved 1048576K
}
Event: 60.786 GC heap after
{Heap after GC invocations=64 (full 0):
 garbage-first heap   total 110592K, used 66052K [0x0000000080000000, 0x0000000100000000)
  region size 1024K, 3 young (3072K), 3 survivors (3072K)
 Metaspace       used 72195K, capacity 73710K, committed 73904K, reserved 1114112K
  class space    used 9305K, capacity 9921K, committed 9984K, reserved 1048576K
}

