# JRE version: OpenJDK Runtime Environment (11.0.11+9) (build 11.0.11+9-b60-7590822)
# Java VM: OpenJDK 64-Bit Server VM (11.0.11+9-b60-7590822, mixed mode, tiered, compressed oops, g1 gc, windows-amd64)
Heap:
 garbage-first heap   total 76800K, used 29765K [0x00000000c2800000, 0x0000000100000000)
  region size 1024K, 5 young (5120K), 3 survivors (3072K)
 Metaspace       used 45132K, capacity 45608K, committed 45776K, reserved 1089536K
  class space    used 5368K, capacity 5541K, committed 5632K, reserved 1048576K
GC Heap History (20 events):
Event: 1.887 GC heap before
{Heap before GC invocations=0 (full 0):
 garbage-first heap   total 63488K, used 17408K [0x00000000c2800000, 0x0000000100000000)
  region size 1024K, 14 young (14336K), 0 survivors (0K)
 Metaspace       used 9784K, capacity 9871K, committed 10112K, reserved 1058816K
  class space    used 834K, capacity 884K, committed 896K, reserved 1048576K
}
Event: 1.897 GC heap after
{Heap after GC invocations=1 (full 0):
 garbage-first heap   total 63488K, used 5188K [0x00000000c2800000, 0x0000000100000000)
  region size 1024K, 2 young (2048K), 2 survivors (2048K)
 Metaspace       used 9784K, capacity 9871K, committed 10112K, reserved 1058816K
  class space    used 834K, capacity 884K, committed 896K, reserved 1048576K
}
Event: 5.023 GC heap before
{Heap before GC invocations=1 (full 0):
 garbage-first heap   total 63488K, used 41028K [0x00000000c2800000, 0x0000000100000000)
  region size 1024K, 37 young (37888K), 2 survivors (2048K)
 Metaspace       used 17946K, capacity 18150K, committed 18304K, reserved 1064960K
  class space    used 1791K, capacity 1873K, committed 1920K, reserved 1048576K
}
Event: 5.059 GC heap after
{Heap after GC invocations=2 (full 0):
 garbage-first heap   total 63488K, used 8958K [0x00000000c2800000, 0x0000000100000000)
  region size 1024K, 5 young (5120K), 5 survivors (5120K)
 Metaspace       used 17946K, capacity 18150K, committed 18304K, reserved 1064960K
  class space    used 1791K, capacity 1873K, committed 1920K, reserved 1048576K
}
Event: 5.951 GC heap before
{Heap before GC invocations=2 (full 0):
 garbage-first heap   total 63488K, used 20222K [0x00000000c2800000, 0x0000000100000000)
  region size 1024K, 16 young (16384K), 5 survivors (5120K)
 Metaspace       used 20872K, capacity 21081K, committed 21248K, reserved 1069056K
  class space    used 2200K, capacity 2277K, committed 2304K, reserved 1048576K
}
Event: 5.984 GC heap after
{Heap after GC invocations=3 (full 0):
 garbage-first heap   total 63488K, used 9950K [0x00000000c2800000, 0x0000000100000000)
  region size 1024K, 1 young (1024K), 1 survivors (1024K)
 Metaspace       used 20872K, capacity 21081K, committed 21248K, reserved 1069056K
  class space    used 2200K, capacity 2277K, committed 2304K, reserved 1048576K
}
Event: 6.035 GC heap before
{Heap before GC invocations=3 (full 0):
 garbage-first heap   total 63488K, used 9950K [0x00000000c2800000, 0x0000000100000000)
  region size 1024K, 2 young (2048K), 1 survivors (1024K)
 Metaspace       used 21009K, capacity 21212K, committed 21248K, reserved 1069056K
  class space    used 2215K, capacity 2278K, committed 2304K, reserved 1048576K
}
Event: 6.041 GC heap after
{Heap after GC invocations=4 (full 0):
 garbage-first heap   total 63488K, used 9547K [0x00000000c2800000, 0x0000000100000000)
  region size 1024K, 1 young (1024K), 1 survivors (1024K)
 Metaspace       used 21009K, capacity 21212K, committed 21248K, reserved 1069056K
  class space    used 2215K, capacity 2278K, committed 2304K, reserved 1048576K
}
Event: 8.310 GC heap before
{Heap before GC invocations=5 (full 0):
 garbage-first heap   total 63488K, used 38219K [0x00000000c2800000, 0x0000000100000000)
  region size 1024K, 23 young (23552K), 1 survivors (1024K)
 Metaspace       used 26856K, capacity 27245K, committed 27388K, reserved 1073152K
  class space    used 2867K, capacity 3004K, committed 3072K, reserved 1048576K
}
Event: 8.324 GC heap after
{Heap after GC invocations=6 (full 0):
 garbage-first heap   total 63488K, used 17252K [0x00000000c2800000, 0x0000000100000000)
  region size 1024K, 3 young (3072K), 3 survivors (3072K)
 Metaspace       used 26856K, capacity 27245K, committed 27388K, reserved 1073152K
  class space    used 2867K, capacity 3004K, committed 3072K, reserved 1048576K
}
Event: 10.619 GC heap before
{Heap before GC invocations=6 (full 0):
 garbage-first heap   total 63488K, used 44900K [0x00000000c2800000, 0x0000000100000000)
  region size 1024K, 24 young (24576K), 3 survivors (3072K)
 Metaspace       used 30237K, capacity 30630K, committed 30972K, reserved 1077248K
  class space    used 3565K, capacity 3728K, committed 3840K, reserved 1048576K
}
Event: 10.658 GC heap after
{Heap after GC invocations=7 (full 0):
 garbage-first heap   total 63488K, used 23202K [0x00000000c2800000, 0x0000000100000000)
  region size 1024K, 3 young (3072K), 3 survivors (3072K)
 Metaspace       used 30237K, capacity 30630K, committed 30972K, reserved 1077248K
  class space    used 3565K, capacity 3728K, committed 3840K, reserved 1048576K
}
Event: 12.453 GC heap before
{Heap before GC invocations=7 (full 0):
 garbage-first heap   total 63488K, used 42658K [0x00000000c2800000, 0x0000000100000000)
  region size 1024K, 22 young (22528K), 3 survivors (3072K)
 Metaspace       used 34945K, capacity 35354K, committed 35452K, reserved 1081344K
  class space    used 4301K, capacity 4470K, committed 4480K, reserved 1048576K
}
Event: 12.478 GC heap after
{Heap after GC invocations=8 (full 0):
 garbage-first heap   total 76800K, used 24842K [0x00000000c2800000, 0x0000000100000000)
  region size 1024K, 2 young (2048K), 2 survivors (2048K)
 Metaspace       used 34945K, capacity 35354K, committed 35452K, reserved 1081344K
  class space    used 4301K, capacity 4470K, committed 4480K, reserved 1048576K
}
Event: 12.735 GC heap before
{Heap before GC invocations=8 (full 0):
 garbage-first heap   total 76800K, used 26890K [0x00000000c2800000, 0x0000000100000000)
  region size 1024K, 5 young (5120K), 2 survivors (2048K)
 Metaspace       used 35487K, capacity 35932K, committed 36048K, reserved 1081344K
  class space    used 4353K, capacity 4535K, committed 4608K, reserved 1048576K
}
Event: 12.747 GC heap after
{Heap after GC invocations=9 (full 0):
 garbage-first heap   total 76800K, used 25124K [0x00000000c2800000, 0x0000000100000000)
  region size 1024K, 2 young (2048K), 2 survivors (2048K)
 Metaspace       used 35487K, capacity 35932K, committed 36048K, reserved 1081344K
  class space    used 4353K, capacity 4535K, committed 4608K, reserved 1048576K
}
Event: 15.120 GC heap before
{Heap before GC invocations=10 (full 0):
 garbage-first heap   total 76800K, used 48676K [0x00000000c2800000, 0x0000000100000000)
  region size 1024K, 26 young (26624K), 2 survivors (2048K)
 Metaspace       used 39835K, capacity 40256K, committed 40528K, reserved 1085440K
  class space    used 4753K, capacity 4928K, committed 4992K, reserved 1048576K
}
Event: 15.146 GC heap after
{Heap after GC invocations=11 (full 0):
 garbage-first heap   total 76800K, used 27717K [0x00000000c2800000, 0x0000000100000000)
  region size 1024K, 4 young (4096K), 4 survivors (4096K)
 Metaspace       used 39835K, capacity 40256K, committed 40528K, reserved 1085440K
  class space    used 4753K, capacity 4928K, committed 4992K, reserved 1048576K
}
Event: 17.372 GC heap before
{Heap before GC invocations=11 (full 0):
 garbage-first heap   total 76800K, used 50245K [0x00000000c2800000, 0x0000000100000000)
  region size 1024K, 27 young (27648K), 4 survivors (4096K)
 Metaspace       used 45126K, capacity 45608K, committed 45776K, reserved 1089536K
  class space    used 5367K, capacity 5541K, committed 5632K, reserved 1048576K
}
Event: 17.409 GC heap after
{Heap after GC invocations=12 (full 0):
 garbage-first heap   total 76800K, used 29765K [0x00000000c2800000, 0x0000000100000000)
  region size 1024K, 3 young (3072K), 3 survivors (3072K)
 Metaspace       used 45126K, capacity 45608K, committed 45776K, reserved 1089536K
  class space    used 5367K, capacity 5541K, committed 5632K, reserved 1048576K
}

